[INFO ] 2023-06-30 23:01:10.311 [main] userTests - *************Creating User**************
[INFO ] 2023-06-30 23:01:14.567 [main] userTests - *************User is Created**************
[INFO ] 2023-06-30 23:01:14.567 [main] userTests - *************User is Getting Data**************
[INFO ] 2023-06-30 23:01:15.880 [main] userTests - *************User got Data**************
[INFO ] 2023-06-30 23:01:15.880 [main] userTests - *************User is Updating Data**************
[INFO ] 2023-06-30 23:01:18.679 [main] userTests - *************User is Updated Data**************
[INFO ] 2023-06-30 23:01:18.698 [main] userTests - *************User is Deleting **************
[INFO ] 2023-06-30 23:01:20.064 [main] userTests - *************User is Deleted**************
[INFO ] 2023-06-30 23:03:58.025 [main] userTests - *************Creating User**************
[INFO ] 2023-06-30 23:03:59.521 [main] userTests - *************User is Created**************
[INFO ] 2023-06-30 23:03:59.521 [main] userTests - *************User is Getting Data**************
[INFO ] 2023-06-30 23:04:00.986 [main] userTests - *************User got Data**************
[INFO ] 2023-06-30 23:04:00.987 [main] userTests - *************User is Updating Data**************
[INFO ] 2023-06-30 23:04:03.845 [main] userTests - *************User is Updated Data**************
[INFO ] 2023-06-30 23:04:03.859 [main] userTests - *************User is Deleting **************
[INFO ] 2023-06-30 23:04:05.261 [main] userTests - *************User is Deleted**************
[INFO ] 2023-06-30 23:08:22.551 [main] userTests - *************Creating User**************
[INFO ] 2023-06-30 23:08:24.108 [main] userTests - *************User is Created**************
[INFO ] 2023-06-30 23:08:24.109 [main] userTests - *************User is Getting Data**************
[INFO ] 2023-06-30 23:08:25.500 [main] userTests - *************User got Data**************
[INFO ] 2023-06-30 23:08:25.500 [main] userTests - *************User is Updating Data**************
[INFO ] 2023-06-30 23:08:28.213 [main] userTests - *************User is Updated Data**************
[INFO ] 2023-06-30 23:08:28.214 [main] userTests - *************User is Deleting **************
[INFO ] 2023-06-30 23:08:29.587 [main] userTests - *************User is Deleted**************
[INFO ] 2023-06-30 23:08:59.899 [main] userTests - *************Creating User**************
[INFO ] 2023-06-30 23:09:01.291 [main] userTests - *************User is Created**************
[INFO ] 2023-06-30 23:09:01.296 [main] userTests - *************User is Getting Data**************
[INFO ] 2023-06-30 23:09:02.626 [main] userTests - *************User got Data**************
[INFO ] 2023-06-30 23:09:02.626 [main] userTests - *************User is Updating Data**************
[INFO ] 2023-06-30 23:09:05.413 [main] userTests - *************User is Updated Data**************
[INFO ] 2023-06-30 23:09:05.414 [main] userTests - *************User is Deleting **************
[INFO ] 2023-06-30 23:09:06.797 [main] userTests - *************User is Deleted**************
[INFO ] 2023-06-30 23:09:53.870 [main] userTests - *************Creating User**************
[INFO ] 2023-06-30 23:09:55.252 [main] userTests - *************User is Created**************
[INFO ] 2023-06-30 23:09:55.255 [main] userTests - *************User is Getting Data**************
[INFO ] 2023-06-30 23:09:56.639 [main] userTests - *************User got Data**************
[INFO ] 2023-06-30 23:09:56.643 [main] userTests - *************User is Updating Data**************
[INFO ] 2023-06-30 23:09:59.254 [main] userTests - *************User is Updated Data**************
[INFO ] 2023-06-30 23:09:59.259 [main] userTests - *************User is Deleting **************
[INFO ] 2023-06-30 23:10:00.613 [main] userTests - *************User is Deleted**************
[INFO ] 2023-06-30 23:28:33.176 [main] userTests_WithRoutesProp - *************Creating User**************
[INFO ] 2023-06-30 23:28:34.849 [main] userTests_WithRoutesProp - *************User is Created**************
[INFO ] 2023-06-30 23:28:34.852 [main] userTests_WithRoutesProp - *************User is Getting Data**************
[INFO ] 2023-06-30 23:28:36.208 [main] userTests_WithRoutesProp - *************User got Data**************
[INFO ] 2023-06-30 23:28:36.214 [main] userTests_WithRoutesProp - *************User is Updating Data**************
[INFO ] 2023-06-30 23:28:38.909 [main] userTests_WithRoutesProp - *************User is Updated Data**************
[INFO ] 2023-06-30 23:28:38.912 [main] userTests_WithRoutesProp - *************User is Deleting **************
[INFO ] 2023-06-30 23:28:40.351 [main] userTests_WithRoutesProp - *************User is Deleted**************
[INFO ] 2023-06-30 23:36:22.257 [main] userTests - *************Creating User**************
[INFO ] 2023-06-30 23:36:23.641 [main] userTests - *************User is Created**************
[INFO ] 2023-06-30 23:36:23.641 [main] userTests - *************User is Getting Data**************
[INFO ] 2023-06-30 23:36:24.998 [main] userTests - *************User got Data**************
[INFO ] 2023-06-30 23:36:25.014 [main] userTests - *************User is Updating Data**************
[INFO ] 2023-06-30 23:36:27.704 [main] userTests - *************User is Updated Data**************
[INFO ] 2023-06-30 23:36:27.704 [main] userTests - *************User is Deleting **************
[INFO ] 2023-06-30 23:36:28.988 [main] userTests - *************User is Deleted**************
[INFO ] 2023-06-30 23:40:04.189 [main] userTests_WithRoutesProp - *************Creating User**************
[INFO ] 2023-06-30 23:40:05.685 [main] userTests_WithRoutesProp - *************User is Created**************
[INFO ] 2023-06-30 23:40:05.691 [main] userTests_WithRoutesProp - *************User is Getting Data**************
[INFO ] 2023-06-30 23:40:07.110 [main] userTests_WithRoutesProp - *************User got Data**************
[INFO ] 2023-06-30 23:40:07.113 [main] userTests_WithRoutesProp - *************User is Updating Data**************
[INFO ] 2023-06-30 23:40:09.918 [main] userTests_WithRoutesProp - *************User is Updated Data**************
[INFO ] 2023-06-30 23:40:09.923 [main] userTests_WithRoutesProp - *************User is Deleting **************
[INFO ] 2023-06-30 23:40:11.309 [main] userTests_WithRoutesProp - *************User is Deleted**************
[INFO ] 2023-06-30 23:52:26.723 [main] userTests_WithRoutesProp - *************Creating User**************
[INFO ] 2023-06-30 23:52:28.604 [main] userTests_WithRoutesProp - *************User is Created**************
[INFO ] 2023-06-30 23:52:28.608 [main] userTests_WithRoutesProp - *************User is Getting Data**************
[INFO ] 2023-06-30 23:52:30.255 [main] userTests_WithRoutesProp - *************User got Data**************
[INFO ] 2023-06-30 23:52:30.258 [main] userTests_WithRoutesProp - *************User is Updating Data**************
[INFO ] 2023-06-30 23:52:34.440 [main] userTests_WithRoutesProp - *************User is Updated Data**************
[INFO ] 2023-06-30 23:52:34.444 [main] userTests_WithRoutesProp - *************User is Deleting **************
[INFO ] 2023-06-30 23:52:36.079 [main] userTests_WithRoutesProp - *************User is Deleted**************
